<?xml version="1.0" encoding="UTF-8"?>
<!-- Generated by org.testng.reporters.JUnitXMLReporter -->
<testsuite ignored="1" hostname="DESKTOP-1IBMQKL" failures="1" tests="13" name="Personal Loan" time="0.413" errors="0" timestamp="2023-08-10T14:39:11 IST">
  <testcase classname="testNG.DemoTestng" name="test1" time="0.009"/>
  <testcase classname="testNG.DemoTestng" name="test2" time="0.004"/>
  <testcase classname="testNG.DemoTestng" name="test3" time="0.003"/>
  <testcase classname="testNG.DemoTestng" name="test4" time="0.013"/>
  <testcase classname="testNG.DemoTestng" name="test5" time="0.005"/>
  <testcase classname="testNG.DemoTestng" name="test5" time="0.009"/>
  <testcase classname="testNG.DemoTestng" name="test5" time="0.014"/>
  <testcase classname="testNG.DemoTestng" name="test5" time="0.011"/>
  <testcase classname="testNG.DemoTestng" name="test5" time="0.014"/>
  <testcase classname="testNG.PersonalLoan" name="browserLaunch" time="0.0">
    <failure type="org.testng.TestNGException" message="
Parameter &amp;apos;browser&amp;apos; is required by @Test on method browserLaunch but has not been marked @Optional or defined
in C:\Users\Dell\eclipse-workspace\Selenium_basic_project_1\xmlFiles\Regression.xml">
      <![CDATA[org.testng.TestNGException: 
Parameter 'browser' is required by @Test on method browserLaunch but has not been marked @Optional or defined
in C:\Users\Dell\eclipse-workspace\Selenium_basic_project_1\xmlFiles\Regression.xml
at java.base/java.util.ArrayList.forEach(ArrayList.java:1511)
... Removed 27 stack frames]]>
    </failure>
  </testcase> <!-- browserLaunch -->
  <testcase classname="testNG.PersonalLoan" name="testloan1" time="0.003"/>
  <testcase classname="testNG.PersonalLoan" name="testloan3" time="0.004"/>
  <testcase classname="testNG.PersonalLoan" name="testloan3" time="0.004"/>
  <testcase classname="testNG.PersonalLoan" name="testloan2" time="0.0">
    <ignored/>
  </testcase> <!-- testloan2 -->
</testsuite> <!-- Personal Loan -->
