<?xml version="1.0" encoding="UTF-8"?>
<!-- Generated by org.testng.reporters.JUnitXMLReporter -->
<testsuite ignored="0" hostname="DESKTOP-1IBMQKL" failures="1" tests="17" name="chrome" time="1.165" errors="0" timestamp="2023-08-10T14:39:14 IST">
  <testcase classname="testNG.PersonalLoan" name="browserLaunch" time="0.001"/>
  <testcase classname="testNG.PersonalLoan" name="testloan1" time="0.001"/>
  <testcase classname="testNG.PersonalLoan" name="testloan2" time="0.01"/>
  <testcase classname="testNG.CarLoan" name="JCBTest2" time="0.008"/>
  <testcase classname="testNG.PersonalLoan" name="testloan3" time="0.01"/>
  <testcase classname="testNG.PersonalLoan" name="testloan3" time="0.011"/>
  <testcase classname="testNG.DemoTestng" name="test1" time="0.002"/>
  <testcase classname="testNG.DemoTestng" name="test2" time="0.002"/>
  <testcase classname="testNG.DemoTestng" name="test3" time="0.001"/>
  <testcase classname="testNG.DemoTestng" name="test4" time="0.013"/>
  <testcase classname="testNG.DemoTestng" name="test5" time="0.001"/>
  <testcase classname="testNG.DemoTestng" name="test5" time="0.001"/>
  <testcase classname="testNG.DemoTestng" name="test5" time="0.0"/>
  <testcase classname="testNG.DemoTestng" name="test5" time="0.003"/>
  <testcase classname="testNG.DemoTestng" name="test5" time="0.001"/>
  <testcase classname="testNG.CarLoan" name="carTest1" time="1.101">
    <failure type="org.testng.internal.thread.ThreadTimeoutException" message="Method testNG.CarLoan.carTest1() didn&amp;apos;t finish within the time-out 1000">
      <![CDATA[org.testng.internal.thread.ThreadTimeoutException: Method testNG.CarLoan.carTest1() didn't finish within the time-out 1000
at java.base/java.util.concurrent.ThreadPoolExecutor.runWorker(ThreadPoolExecutor.java:1136)
at java.base/java.util.concurrent.ThreadPoolExecutor$Worker.run(ThreadPoolExecutor.java:635)
at java.base/java.lang.Thread.run(Thread.java:833)
... Removed 9 stack frames]]>
    </failure>
  </testcase> <!-- carTest1 -->
  <testcase classname="testNG.CarLoan" name="homeTest3" time="0.0">
    <skipped/>
  </testcase> <!-- homeTest3 -->
</testsuite> <!-- chrome -->
