<?xml version="1.0" encoding="UTF-8"?>
<!-- Generated by org.testng.reporters.JUnitReportReporter -->
<testsuite hostname="DESKTOP-1IBMQKL" failures="0" tests="19" name="testNG.PersonalLoan" time="0.038" errors="1" timestamp="2023-08-10T14:41:01 IST" skipped="0">
  <testcase classname="testNG.PersonalLoan" name="testloan3" time="0.002"/>
  <testcase classname="testNG.PersonalLoan" name="testloan2" time="0.001"/>
  <testcase classname="testNG.PersonalLoan" name="browserLaunch" time="0.002"/>
  <testcase classname="testNG.PersonalLoan" name="testloan1" time="0.002"/>
  <testcase classname="testNG.PersonalLoan" name="testloan3" time="0.001"/>
  <testcase classname="testNG.PersonalLoan" name="testloan3" time="0.005"/>
  <testcase classname="testNG.PersonalLoan" name="testloan3" time="0.001"/>
  <testcase classname="testNG.PersonalLoan" name="testloan2" time="0.003"/>
  <testcase classname="testNG.PersonalLoan" name="testloan3" time="0.001"/>
  <testcase classname="testNG.PersonalLoan" name="browserLaunch" time="0.004"/>
  <testcase classname="testNG.PersonalLoan" name="testloan3" time="0.001"/>
  <testcase classname="testNG.PersonalLoan" name="testloan3" time="0.002"/>
  <testcase classname="testNG.PersonalLoan" name="testloan1" time="0.001"/>
  <testcase classname="testNG.PersonalLoan" name="browserLaunch" time="0.000">
    <error message="
Parameter &#039;browser&#039; is required by @Test on method browserLaunch but has not been marked @Optional or defined
in C:\Users\Dell\eclipse-workspace\Selenium_basic_project_1\xmlFiles\Regression.xml" type="org.testng.TestNGException">
      <![CDATA[org.testng.TestNGException: 
Parameter 'browser' is required by @Test on method browserLaunch but has not been marked @Optional or defined
in C:\Users\Dell\eclipse-workspace\Selenium_basic_project_1\xmlFiles\Regression.xml
at org.testng.internal.Parameters.createParams(Parameters.java:267)
at org.testng.internal.Parameters.createParametersForMethod(Parameters.java:355)
at org.testng.internal.Parameters.createParameters(Parameters.java:684)
at org.testng.internal.Parameters.handleParameters(Parameters.java:879)
at org.testng.internal.Parameters.handleParameters(Parameters.java:728)
at org.testng.internal.invokers.ParameterHandler.handleParameters(ParameterHandler.java:72)
at org.testng.internal.invokers.ParameterHandler.createParameters(ParameterHandler.java:51)
at org.testng.internal.invokers.TestInvoker$MethodInvocationAgent.invoke(TestInvoker.java:911)
at org.testng.internal.invokers.TestInvoker.invokeTestMethods(TestInvoker.java:200)
at org.testng.internal.invokers.TestMethodWorker.invokeTestMethods(TestMethodWorker.java:148)
at org.testng.internal.invokers.TestMethodWorker.run(TestMethodWorker.java:128)
at java.base/java.util.ArrayList.forEach(ArrayList.java:1511)
at org.testng.TestRunner.privateRun(TestRunner.java:848)
at org.testng.TestRunner.run(TestRunner.java:621)
at org.testng.SuiteRunner.runTest(SuiteRunner.java:443)
at org.testng.SuiteRunner.runSequentially(SuiteRunner.java:437)
at org.testng.SuiteRunner.privateRun(SuiteRunner.java:397)
at org.testng.SuiteRunner.run(SuiteRunner.java:336)
at org.testng.SuiteRunnerWorker.runSuite(SuiteRunnerWorker.java:52)
at org.testng.SuiteRunnerWorker.run(SuiteRunnerWorker.java:95)
at org.testng.TestNG.runSuitesSequentially(TestNG.java:1280)
at org.testng.TestNG.runSuitesSequentially(TestNG.java:1275)
at org.testng.TestNG.runSuitesLocally(TestNG.java:1200)
at org.testng.TestNG.runSuites(TestNG.java:1114)
at org.testng.TestNG.run(TestNG.java:1082)
at org.testng.remote.AbstractRemoteTestNG.run(AbstractRemoteTestNG.java:115)
at org.testng.remote.RemoteTestNG.initAndRun(RemoteTestNG.java:251)
at org.testng.remote.RemoteTestNG.main(RemoteTestNG.java:77)
]]>
    </error>
  </testcase> <!-- browserLaunch -->
  <testcase classname="testNG.PersonalLoan" name="browserLaunch" time="0.002"/>
  <testcase classname="testNG.PersonalLoan" name="testloan1" time="0.002"/>
  <testcase classname="testNG.PersonalLoan" name="testloan1" time="0.003"/>
  <testcase classname="testNG.PersonalLoan" name="testloan3" time="0.004"/>
  <testcase classname="testNG.PersonalLoan" name="testloan2" time="0.001"/>
</testsuite> <!-- testNG.PersonalLoan -->
